This is pdfTeX, Version 3.14159265-2.6-1.40.19 (MiKTeX 2.9.6800 64-bit) (preloaded format=pdflatex 2018.9.1)  2 OCT 2018 12:52
entering extended mode
**Fabrication.tex pdflatex main
(Fabrication.tex
LaTeX2e <2018-04-01> patch level 5
(Q:\MikteX\tex\latex\base\report.cls
Document Class: report 2014/09/29 v1.4h Standard LaTeX document class
(Q:\MikteX\tex\latex\base\size11.clo
File: size11.clo 2014/09/29 v1.4h Standard LaTeX file (size option)
)
\c@part=\count80
\c@chapter=\count81
\c@section=\count82
\c@subsection=\count83
\c@subsubsection=\count84
\c@paragraph=\count85
\c@subparagraph=\count86
\c@figure=\count87
\c@table=\count88
\abovecaptionskip=\skip41
\belowcaptionskip=\skip42
\bibindent=\dimen102
) (Q:\MikteX\tex\generic\babel\babel.sty
Package: babel 2018/06/05 3.22 The Babel package

(Q:\MikteX\tex\generic\babel\switch.def
File: switch.def 2018/06/05 3.22 Babel switching mechanism
)
*************************************
* Local config file bblopts.cfg used
*
(Q:\MikteX\tex\latex\arabi\bblopts.cfg
File: bblopts.cfg 2005/09/08 v0.1 add Arabic and Farsi to "declared" options of
 babel
)
(Q:\MikteX\tex\generic\babel-french\french.ldf
Language: french 2018/07/17 v3.5b French support from the babel system

(Q:\MikteX\tex\generic\babel\babel.def
File: babel.def 2018/06/05 3.22 Babel common definitions
\babel@savecnt=\count89
\U@D=\dimen103

(Q:\MikteX\tex\generic\babel\txtbabel.def)
\bbl@dirlevel=\count90
)
\l@acadian = a dialect from \language\l@french 
\FB@nonchar=\count91
Package babel Info: Making : an active character on input line 415.
Package babel Info: Making ; an active character on input line 416.
Package babel Info: Making ! an active character on input line 417.
Package babel Info: Making ? an active character on input line 418.
\FBguill@level=\count92
\FBold@everypar=\toks14
\FB@Mht=\dimen104
\mc@charclass=\count93
\mc@charfam=\count94
\mc@charslot=\count95
\std@mcc=\count96
\dec@mcc=\count97
\c@FBcaption@count=\count98
\listindentFB=\dimen105
\descindentFB=\dimen106
\labelindentFB=\dimen107
\labelwidthFB=\dimen108
\leftmarginFB=\dimen109
\parindentFFN=\dimen110
\FBfnindent=\dimen111
))
(Q:\MikteX\tex\latex\carlisle\scalefnt.sty)
(Q:\MikteX\tex\latex\graphics\keyval.sty
Package: keyval 2014/10/28 v1.15 key=value parser (DPC)
\KV@toks@=\toks15
)
(Q:\MikteX\tex\latex\base\inputenc.sty
Package: inputenc 2018/04/06 v1.3b Input encoding file
\inpenc@prehook=\toks16
\inpenc@posthook=\toks17
 (Q:\MikteX\tex\latex\base\ansinew.def
File: ansinew.def 2018/04/06 v1.3b Input encoding file
))
(Q:\MikteX\tex\latex\base\fontenc.sty
Package: fontenc 2017/04/05 v2.0i Standard LaTeX package
 (Q:\MikteX\tex\latex\base\t1enc.def
File: t1enc.def 2017/04/05 v2.0i Standard LaTeX file
LaTeX Font Info:    Redeclaring font encoding T1 on input line 48.
))
(Q:\MikteX\tex\latex\textgreek\textgreek.sty
Package: textgreek 2011/10/09 v0.7 Greek symbols in text
Package textgreek Info: Loading the definitions for the Greek fontencoding. on 
input line 39.

(Q:\MikteX\tex\latex\greek-fontenc\lgrenc.def
File: lgrenc.def 2015/12/07 v0.13.1 LGR Greek font encoding definitions
Now handling font encoding LGR ...
... processing UTF-8 mapping file for font encoding LGR

(Q:\MikteX\tex\latex\greek-inputenc\lgrenc.dfu
File: lgrenc.dfu 2015/08/05 1.6 UTF-8 support for Greek
   defining Unicode char U+00A8 (decimal 168)
   defining Unicode char U+00AB (decimal 171)
   defining Unicode char U+00AF (decimal 175)
   defining Unicode char U+00B4 (decimal 180)
   defining Unicode char U+00B7 (decimal 183)
   defining Unicode char U+00BB (decimal 187)
   defining Unicode char U+0259 (decimal 601)
   defining Unicode char U+02D8 (decimal 728)
   defining Unicode char U+2013 (decimal 8211)
   defining Unicode char U+2014 (decimal 8212)
   defining Unicode char U+2018 (decimal 8216)
   defining Unicode char U+2019 (decimal 8217)
   defining Unicode char U+201A (decimal 8218)
   defining Unicode char U+2030 (decimal 8240)
   defining Unicode char U+2039 (decimal 8249)
   defining Unicode char U+203A (decimal 8250)
   defining Unicode char U+20AC (decimal 8364)
   defining Unicode char U+0374 (decimal 884)
   defining Unicode char U+0375 (decimal 885)
   defining Unicode char U+037A (decimal 890)
   defining Unicode char U+037E (decimal 894)
   defining Unicode char U+0384 (decimal 900)
   defining Unicode char U+0385 (decimal 901)
   defining Unicode char U+0386 (decimal 902)
   defining Unicode char U+0387 (decimal 903)
   defining Unicode char U+0388 (decimal 904)
   defining Unicode char U+0389 (decimal 905)
   defining Unicode char U+038A (decimal 906)
   defining Unicode char U+038C (decimal 908)
   defining Unicode char U+038E (decimal 910)
   defining Unicode char U+038F (decimal 911)
   defining Unicode char U+0390 (decimal 912)
   defining Unicode char U+0391 (decimal 913)
   defining Unicode char U+0392 (decimal 914)
   defining Unicode char U+0393 (decimal 915)
   defining Unicode char U+0394 (decimal 916)
   defining Unicode char U+0395 (decimal 917)
   defining Unicode char U+0396 (decimal 918)
   defining Unicode char U+0397 (decimal 919)
   defining Unicode char U+0398 (decimal 920)
   defining Unicode char U+0399 (decimal 921)
   defining Unicode char U+039A (decimal 922)
   defining Unicode char U+039B (decimal 923)
   defining Unicode char U+039C (decimal 924)
   defining Unicode char U+039D (decimal 925)
   defining Unicode char U+039E (decimal 926)
   defining Unicode char U+039F (decimal 927)
   defining Unicode char U+03A0 (decimal 928)
   defining Unicode char U+03A1 (decimal 929)
   defining Unicode char U+03A3 (decimal 931)
   defining Unicode char U+03A4 (decimal 932)
   defining Unicode char U+03A5 (decimal 933)
   defining Unicode char U+03A6 (decimal 934)
   defining Unicode char U+03A7 (decimal 935)
   defining Unicode char U+03A8 (decimal 936)
   defining Unicode char U+03A9 (decimal 937)
   defining Unicode char U+03AA (decimal 938)
   defining Unicode char U+03AB (decimal 939)
   defining Unicode char U+03AC (decimal 940)
   defining Unicode char U+03AD (decimal 941)
   defining Unicode char U+03AE (decimal 942)
   defining Unicode char U+03AF (decimal 943)
   defining Unicode char U+03B0 (decimal 944)
   defining Unicode char U+03B1 (decimal 945)
   defining Unicode char U+03B2 (decimal 946)
   defining Unicode char U+03B3 (decimal 947)
   defining Unicode char U+03B4 (decimal 948)
   defining Unicode char U+03B5 (decimal 949)
   defining Unicode char U+03B6 (decimal 950)
   defining Unicode char U+03B7 (decimal 951)
   defining Unicode char U+03B8 (decimal 952)
   defining Unicode char U+03B9 (decimal 953)
   defining Unicode char U+03BA (decimal 954)
   defining Unicode char U+03BB (decimal 955)
   defining Unicode char U+03BC (decimal 956)
   defining Unicode char U+03BD (decimal 957)
   defining Unicode char U+03BE (decimal 958)
   defining Unicode char U+03BF (decimal 959)
   defining Unicode char U+03C0 (decimal 960)
   defining Unicode char U+03C1 (decimal 961)
   defining Unicode char U+03C2 (decimal 962)
   defining Unicode char U+03C3 (decimal 963)
   defining Unicode char U+03C4 (decimal 964)
   defining Unicode char U+03C5 (decimal 965)
   defining Unicode char U+03C6 (decimal 966)
   defining Unicode char U+03C7 (decimal 967)
   defining Unicode char U+03C8 (decimal 968)
   defining Unicode char U+03C9 (decimal 969)
   defining Unicode char U+03CA (decimal 970)
   defining Unicode char U+03CB (decimal 971)
   defining Unicode char U+03CC (decimal 972)
   defining Unicode char U+03CD (decimal 973)
   defining Unicode char U+03CE (decimal 974)
   defining Unicode char U+03D0 (decimal 976)
   defining Unicode char U+03D1 (decimal 977)
   defining Unicode char U+03D5 (decimal 981)
   defining Unicode char U+03D6 (decimal 982)
   defining Unicode char U+03D8 (decimal 984)
   defining Unicode char U+03D9 (decimal 985)
   defining Unicode char U+03DA (decimal 986)
   defining Unicode char U+03DB (decimal 987)
   defining Unicode char U+03DC (decimal 988)
   defining Unicode char U+03DD (decimal 989)
   defining Unicode char U+03DF (decimal 991)
   defining Unicode char U+03E0 (decimal 992)
   defining Unicode char U+03E1 (decimal 993)
   defining Unicode char U+03F0 (decimal 1008)
   defining Unicode char U+03F1 (decimal 1009)
   defining Unicode char U+03F4 (decimal 1012)
   defining Unicode char U+03F5 (decimal 1013)
   defining Unicode char U+1F00 (decimal 7936)
   defining Unicode char U+1F01 (decimal 7937)
   defining Unicode char U+1F02 (decimal 7938)
   defining Unicode char U+1F03 (decimal 7939)
   defining Unicode char U+1F04 (decimal 7940)
   defining Unicode char U+1F05 (decimal 7941)
   defining Unicode char U+1F06 (decimal 7942)
   defining Unicode char U+1F07 (decimal 7943)
   defining Unicode char U+1F08 (decimal 7944)
   defining Unicode char U+1F09 (decimal 7945)
   defining Unicode char U+1F0A (decimal 7946)
   defining Unicode char U+1F0B (decimal 7947)
   defining Unicode char U+1F0C (decimal 7948)
   defining Unicode char U+1F0D (decimal 7949)
   defining Unicode char U+1F0E (decimal 7950)
   defining Unicode char U+1F0F (decimal 7951)
   defining Unicode char U+1F10 (decimal 7952)
   defining Unicode char U+1F11 (decimal 7953)
   defining Unicode char U+1F12 (decimal 7954)
   defining Unicode char U+1F13 (decimal 7955)
   defining Unicode char U+1F14 (decimal 7956)
   defining Unicode char U+1F15 (decimal 7957)
   defining Unicode char U+1F18 (decimal 7960)
   defining Unicode char U+1F19 (decimal 7961)
   defining Unicode char U+1F1A (decimal 7962)
   defining Unicode char U+1F1B (decimal 7963)
   defining Unicode char U+1F1C (decimal 7964)
   defining Unicode char U+1F1D (decimal 7965)
   defining Unicode char U+1F20 (decimal 7968)
   defining Unicode char U+1F21 (decimal 7969)
   defining Unicode char U+1F22 (decimal 7970)
   defining Unicode char U+1F23 (decimal 7971)
   defining Unicode char U+1F24 (decimal 7972)
   defining Unicode char U+1F25 (decimal 7973)
   defining Unicode char U+1F26 (decimal 7974)
   defining Unicode char U+1F27 (decimal 7975)
   defining Unicode char U+1F28 (decimal 7976)
   defining Unicode char U+1F29 (decimal 7977)
   defining Unicode char U+1F2A (decimal 7978)
   defining Unicode char U+1F2B (decimal 7979)
   defining Unicode char U+1F2C (decimal 7980)
   defining Unicode char U+1F2D (decimal 7981)
   defining Unicode char U+1F2E (decimal 7982)
   defining Unicode char U+1F2F (decimal 7983)
   defining Unicode char U+1F30 (decimal 7984)
   defining Unicode char U+1F31 (decimal 7985)
   defining Unicode char U+1F32 (decimal 7986)
   defining Unicode char U+1F33 (decimal 7987)
   defining Unicode char U+1F34 (decimal 7988)
   defining Unicode char U+1F35 (decimal 7989)
   defining Unicode char U+1F36 (decimal 7990)
   defining Unicode char U+1F37 (decimal 7991)
   defining Unicode char U+1F38 (decimal 7992)
   defining Unicode char U+1F39 (decimal 7993)
   defining Unicode char U+1F3A (decimal 7994)
   defining Unicode char U+1F3B (decimal 7995)
   defining Unicode char U+1F3C (decimal 7996)
   defining Unicode char U+1F3D (decimal 7997)
   defining Unicode char U+1F3E (decimal 7998)
   defining Unicode char U+1F3F (decimal 7999)
   defining Unicode char U+1F40 (decimal 8000)
   defining Unicode char U+1F41 (decimal 8001)
   defining Unicode char U+1F42 (decimal 8002)
   defining Unicode char U+1F43 (decimal 8003)
   defining Unicode char U+1F44 (decimal 8004)
   defining Unicode char U+1F45 (decimal 8005)
   defining Unicode char U+1F48 (decimal 8008)
   defining Unicode char U+1F49 (decimal 8009)
   defining Unicode char U+1F4A (decimal 8010)
   defining Unicode char U+1F4B (decimal 8011)
   defining Unicode char U+1F4C (decimal 8012)
   defining Unicode char U+1F4D (decimal 8013)
   defining Unicode char U+1F50 (decimal 8016)
   defining Unicode char U+1F51 (decimal 8017)
   defining Unicode char U+1F52 (decimal 8018)
   defining Unicode char U+1F53 (decimal 8019)
   defining Unicode char U+1F54 (decimal 8020)
   defining Unicode char U+1F55 (decimal 8021)
   defining Unicode char U+1F56 (decimal 8022)
   defining Unicode char U+1F57 (decimal 8023)
   defining Unicode char U+1F59 (decimal 8025)
   defining Unicode char U+1F5B (decimal 8027)
   defining Unicode char U+1F5D (decimal 8029)
   defining Unicode char U+1F5F (decimal 8031)
   defining Unicode char U+1F60 (decimal 8032)
   defining Unicode char U+1F61 (decimal 8033)
   defining Unicode char U+1F62 (decimal 8034)
   defining Unicode char U+1F63 (decimal 8035)
   defining Unicode char U+1F64 (decimal 8036)
   defining Unicode char U+1F65 (decimal 8037)
   defining Unicode char U+1F66 (decimal 8038)
   defining Unicode char U+1F67 (decimal 8039)
   defining Unicode char U+1F68 (decimal 8040)
   defining Unicode char U+1F69 (decimal 8041)
   defining Unicode char U+1F6A (decimal 8042)
   defining Unicode char U+1F6B (decimal 8043)
   defining Unicode char U+1F6C (decimal 8044)
   defining Unicode char U+1F6D (decimal 8045)
   defining Unicode char U+1F6E (decimal 8046)
   defining Unicode char U+1F6F (decimal 8047)
   defining Unicode char U+1F70 (decimal 8048)
   defining Unicode char U+1F71 (decimal 8049)
   defining Unicode char U+1F72 (decimal 8050)
   defining Unicode char U+1F73 (decimal 8051)
   defining Unicode char U+1F74 (decimal 8052)
   defining Unicode char U+1F75 (decimal 8053)
   defining Unicode char U+1F76 (decimal 8054)
   defining Unicode char U+1F77 (decimal 8055)
   defining Unicode char U+1F78 (decimal 8056)
   defining Unicode char U+1F79 (decimal 8057)
   defining Unicode char U+1F7A (decimal 8058)
   defining Unicode char U+1F7B (decimal 8059)
   defining Unicode char U+1F7C (decimal 8060)
   defining Unicode char U+1F7D (decimal 8061)
   defining Unicode char U+1F80 (decimal 8064)
   defining Unicode char U+1F81 (decimal 8065)
   defining Unicode char U+1F82 (decimal 8066)
   defining Unicode char U+1F83 (decimal 8067)
   defining Unicode char U+1F84 (decimal 8068)
   defining Unicode char U+1F85 (decimal 8069)
   defining Unicode char U+1F86 (decimal 8070)
   defining Unicode char U+1F87 (decimal 8071)
   defining Unicode char U+1F88 (decimal 8072)
   defining Unicode char U+1F89 (decimal 8073)
   defining Unicode char U+1F8A (decimal 8074)
   defining Unicode char U+1F8B (decimal 8075)
   defining Unicode char U+1F8C (decimal 8076)
   defining Unicode char U+1F8D (decimal 8077)
   defining Unicode char U+1F8E (decimal 8078)
   defining Unicode char U+1F8F (decimal 8079)
   defining Unicode char U+1F90 (decimal 8080)
   defining Unicode char U+1F91 (decimal 8081)
   defining Unicode char U+1F92 (decimal 8082)
   defining Unicode char U+1F93 (decimal 8083)
   defining Unicode char U+1F94 (decimal 8084)
   defining Unicode char U+1F95 (decimal 8085)
   defining Unicode char U+1F96 (decimal 8086)
   defining Unicode char U+1F97 (decimal 8087)
   defining Unicode char U+1F98 (decimal 8088)
   defining Unicode char U+1F99 (decimal 8089)
   defining Unicode char U+1F9A (decimal 8090)
   defining Unicode char U+1F9B (decimal 8091)
   defining Unicode char U+1F9C (decimal 8092)
   defining Unicode char U+1F9D (decimal 8093)
   defining Unicode char U+1F9E (decimal 8094)
   defining Unicode char U+1F9F (decimal 8095)
   defining Unicode char U+1FA0 (decimal 8096)
   defining Unicode char U+1FA1 (decimal 8097)
   defining Unicode char U+1FA2 (decimal 8098)
   defining Unicode char U+1FA3 (decimal 8099)
   defining Unicode char U+1FA4 (decimal 8100)
   defining Unicode char U+1FA5 (decimal 8101)
   defining Unicode char U+1FA6 (decimal 8102)
   defining Unicode char U+1FA7 (decimal 8103)
   defining Unicode char U+1FA8 (decimal 8104)
   defining Unicode char U+1FA9 (decimal 8105)
   defining Unicode char U+1FAA (decimal 8106)
   defining Unicode char U+1FAB (decimal 8107)
   defining Unicode char U+1FAC (decimal 8108)
   defining Unicode char U+1FAD (decimal 8109)
   defining Unicode char U+1FAE (decimal 8110)
   defining Unicode char U+1FAF (decimal 8111)
   defining Unicode char U+1FB0 (decimal 8112)
   defining Unicode char U+1FB1 (decimal 8113)
   defining Unicode char U+1FB2 (decimal 8114)
   defining Unicode char U+1FB3 (decimal 8115)
   defining Unicode char U+1FB4 (decimal 8116)
   defining Unicode char U+1FB6 (decimal 8118)
   defining Unicode char U+1FB7 (decimal 8119)
   defining Unicode char U+1FB8 (decimal 8120)
   defining Unicode char U+1FB9 (decimal 8121)
   defining Unicode char U+1FBA (decimal 8122)
   defining Unicode char U+1FBB (decimal 8123)
   defining Unicode char U+1FBC (decimal 8124)
   defining Unicode char U+1FBD (decimal 8125)
   defining Unicode char U+1FBE (decimal 8126)
   defining Unicode char U+1FBF (decimal 8127)
   defining Unicode char U+1FC0 (decimal 8128)
   defining Unicode char U+1FC1 (decimal 8129)
   defining Unicode char U+1FC2 (decimal 8130)
   defining Unicode char U+1FC3 (decimal 8131)
   defining Unicode char U+1FC4 (decimal 8132)
   defining Unicode char U+1FC6 (decimal 8134)
   defining Unicode char U+1FC7 (decimal 8135)
   defining Unicode char U+1FC8 (decimal 8136)
   defining Unicode char U+1FC9 (decimal 8137)
   defining Unicode char U+1FCA (decimal 8138)
   defining Unicode char U+1FCB (decimal 8139)
   defining Unicode char U+1FCC (decimal 8140)
   defining Unicode char U+1FCD (decimal 8141)
   defining Unicode char U+1FCE (decimal 8142)
   defining Unicode char U+1FCF (decimal 8143)
   defining Unicode char U+1FD0 (decimal 8144)
   defining Unicode char U+1FD1 (decimal 8145)
   defining Unicode char U+1FD2 (decimal 8146)
   defining Unicode char U+1FD3 (decimal 8147)
   defining Unicode char U+1FD6 (decimal 8150)
   defining Unicode char U+1FD7 (decimal 8151)
   defining Unicode char U+1FD8 (decimal 8152)
   defining Unicode char U+1FD9 (decimal 8153)
   defining Unicode char U+1FDA (decimal 8154)
   defining Unicode char U+1FDB (decimal 8155)
   defining Unicode char U+1FDD (decimal 8157)
   defining Unicode char U+1FDE (decimal 8158)
   defining Unicode char U+1FDF (decimal 8159)
   defining Unicode char U+1FE0 (decimal 8160)
   defining Unicode char U+1FE1 (decimal 8161)
   defining Unicode char U+1FE2 (decimal 8162)
   defining Unicode char U+1FE3 (decimal 8163)
   defining Unicode char U+1FE4 (decimal 8164)
   defining Unicode char U+1FE5 (decimal 8165)
   defining Unicode char U+1FE6 (decimal 8166)
   defining Unicode char U+1FE7 (decimal 8167)
   defining Unicode char U+1FE8 (decimal 8168)
   defining Unicode char U+1FE9 (decimal 8169)
   defining Unicode char U+1FEA (decimal 8170)
   defining Unicode char U+1FEB (decimal 8171)
   defining Unicode char U+1FEC (decimal 8172)
   defining Unicode char U+1FED (decimal 8173)
   defining Unicode char U+1FEE (decimal 8174)
   defining Unicode char U+1FEF (decimal 8175)
   defining Unicode char U+1FF2 (decimal 8178)
   defining Unicode char U+1FF3 (decimal 8179)
   defining Unicode char U+1FF4 (decimal 8180)
   defining Unicode char U+1FF6 (decimal 8182)
   defining Unicode char U+1FF7 (decimal 8183)
   defining Unicode char U+1FF8 (decimal 8184)
   defining Unicode char U+1FF9 (decimal 8185)
   defining Unicode char U+1FFA (decimal 8186)
   defining Unicode char U+1FFB (decimal 8187)
   defining Unicode char U+1FFC (decimal 8188)
   defining Unicode char U+1FFD (decimal 8189)
   defining Unicode char U+1FFE (decimal 8190)
   defining Unicode char U+2013 (decimal 8211)
   defining Unicode char U+2014 (decimal 8212)
   defining Unicode char U+2018 (decimal 8216)
   defining Unicode char U+2019 (decimal 8217)
   defining Unicode char U+2030 (decimal 8240)
   defining Unicode char U+20AC (decimal 8364)
   defining Unicode char U+2126 (decimal 8486)
   defining Unicode char U+10144 (decimal 65860)
   defining Unicode char U+10145 (decimal 65861)
   defining Unicode char U+10146 (decimal 65862)
   defining Unicode char U+10147 (decimal 65863)
)
(Q:\MikteX\tex\latex\greek-fontenc\greek-fontenc.def
File: greek-fontenc.def 2015/08/04 v0.13 Common Greek font encoding definitions

))
Package textgreek Info: Loaded fontmap: {eur/*/*}{U/eur/*/*} {phv/*/*}{U/psy/*/
*}. on input line 69.
)
(Q:\MikteX\tex\latex\amsmath\amsmath.sty
Package: amsmath 2017/09/02 v2.17a AMS math features
\@mathmargin=\skip43

For additional information on amsmath, use the `?' option.
(Q:\MikteX\tex\latex\amsmath\amstext.sty
Package: amstext 2000/06/29 v2.01 AMS text

(Q:\MikteX\tex\latex\amsmath\amsgen.sty
File: amsgen.sty 1999/11/30 v2.0 generic functions
\@emptytoks=\toks18
\ex@=\dimen112
))
(Q:\MikteX\tex\latex\amsmath\amsbsy.sty
Package: amsbsy 1999/11/29 v1.2d Bold Symbols
\pmbraise@=\dimen113
)
(Q:\MikteX\tex\latex\amsmath\amsopn.sty
Package: amsopn 2016/03/08 v2.02 operator names
)
\inf@bad=\count99
LaTeX Info: Redefining \frac on input line 213.
\uproot@=\count100
\leftroot@=\count101
LaTeX Info: Redefining \overline on input line 375.
\classnum@=\count102
\DOTSCASE@=\count103
LaTeX Info: Redefining \ldots on input line 472.
LaTeX Info: Redefining \dots on input line 475.
LaTeX Info: Redefining \cdots on input line 596.
\Mathstrutbox@=\box26
\strutbox@=\box27
\big@size=\dimen114
LaTeX Font Info:    Redeclaring font encoding OML on input line 712.
LaTeX Font Info:    Redeclaring font encoding OMS on input line 713.
\macc@depth=\count104
\c@MaxMatrixCols=\count105
\dotsspace@=\muskip10
\c@parentequation=\count106
\dspbrk@lvl=\count107
\tag@help=\toks19
\row@=\count108
\column@=\count109
\maxfields@=\count110
\andhelp@=\toks20
\eqnshift@=\dimen115
\alignsep@=\dimen116
\tagshift@=\dimen117
\tagwidth@=\dimen118
\totwidth@=\dimen119
\lineht@=\dimen120
\@envbody=\toks21
\multlinegap=\skip44
\multlinetaggap=\skip45
\mathdisplay@stack=\toks22
LaTeX Info: Redefining \[ on input line 2817.
LaTeX Info: Redefining \] on input line 2818.
)
(Q:\MikteX\tex\latex\graphics\graphicx.sty
Package: graphicx 2017/06/01 v1.1a Enhanced LaTeX Graphics (DPC,SPQR)

(Q:\MikteX\tex\latex\graphics\graphics.sty
Package: graphics 2017/06/25 v1.2c Standard LaTeX Graphics (DPC,SPQR)

(Q:\MikteX\tex\latex\graphics\trig.sty
Package: trig 2016/01/03 v1.10 sin cos tan (DPC)
)
(Q:\MikteX\tex\latex\graphics-cfg\graphics.cfg
File: graphics.cfg 2016/06/04 v1.11 sample graphics configuration
)
Package graphics Info: Driver file: pdftex.def on input line 99.

(Q:\MikteX\tex\latex\graphics-def\pdftex.def
File: pdftex.def 2018/01/08 v1.0l Graphics/color driver for pdftex
))
\Gin@req@height=\dimen121
\Gin@req@width=\dimen122
)
(Q:\MikteX\tex\latex\cite\chapterbib.sty
\c@inputfile=\count111
Package: chapterbib 2010/09/18  v 1.17
)
(Q:\MikteX\tex\latex\geometry\geometry.sty
Package: geometry 2018/04/16 v5.8 Page Geometry

(Q:\MikteX\tex\generic\oberdiek\ifpdf.sty
Package: ifpdf 2017/03/15 v3.2 Provides the ifpdf switch
)
(Q:\MikteX\tex\generic\oberdiek\ifvtex.sty
Package: ifvtex 2016/05/16 v1.6 Detect VTeX and its facilities (HO)
Package ifvtex Info: VTeX not detected.
)
(Q:\MikteX\tex\generic\ifxetex\ifxetex.sty
Package: ifxetex 2010/09/12 v0.6 Provides ifxetex conditional
)
\Gm@cnth=\count112
\Gm@cntv=\count113
\c@Gm@tempcnt=\count114
\Gm@bindingoffset=\dimen123
\Gm@wd@mp=\dimen124
\Gm@odd@mp=\dimen125
\Gm@even@mp=\dimen126
\Gm@layoutwidth=\dimen127
\Gm@layoutheight=\dimen128
\Gm@layouthoffset=\dimen129
\Gm@layoutvoffset=\dimen130
\Gm@dimlist=\toks23

(Q:\MikteX\tex\latex\geometry\geometry.cfg))
(Q:\MikteX\tex\latex\setspace\setspace.sty
Package: setspace 2011/12/19 v6.7a set line spacing
)
(Q:\MikteX\tex\latex\multirow\multirow.sty
Package: multirow 2018/08/03 v2.3 Span multiple rows of a table
\multirow@colwidth=\skip46
\multirow@cntb=\count115
\multirow@dima=\skip47
\bigstrutjot=\dimen131
)
(Q:\MikteX\tex\latex\makecell\makecell.sty
Package: makecell 2009/08/03 V0.1e Managing of Tab Column Heads and Cells
 (Q:\MikteX\tex\latex\tools\array.sty
Package: array 2018/04/30 v2.4h Tabular extension package (FMi)
\col@sep=\dimen132
\ar@mcellbox=\box28
\extrarowheight=\dimen133
\NC@list=\toks24
\extratabsurround=\skip48
\backup@length=\skip49
\ar@cellbox=\box29
)
\rotheadsize=\dimen134
\c@nlinenum=\count116
\TeXr@lab=\toks25
) (Q:\MikteX\tex\latex\enumitem\enumitem.sty
Package: enumitem 2011/09/28 v3.5.2 Customized lists
\labelindent=\skip50
\enit@outerparindent=\dimen135
\enit@toks=\toks26
\enit@inbox=\box30
\enitdp@description=\count117
)
(Q:\MikteX\tex\latex\xcolor\xcolor.sty
Package: xcolor 2016/05/11 v2.12 LaTeX color extensions (UK)

(Q:\MikteX\tex\latex\graphics-cfg\color.cfg
File: color.cfg 2016/01/02 v1.6 sample color configuration
)
Package xcolor Info: Driver file: pdftex.def on input line 225.
Package xcolor Info: Model `cmy' substituted by `cmy0' on input line 1348.
Package xcolor Info: Model `hsb' substituted by `rgb' on input line 1352.
Package xcolor Info: Model `RGB' extended on input line 1364.
Package xcolor Info: Model `HTML' substituted by `rgb' on input line 1366.
Package xcolor Info: Model `Hsb' substituted by `hsb' on input line 1367.
Package xcolor Info: Model `tHsb' substituted by `hsb' on input line 1368.
Package xcolor Info: Model `HSB' substituted by `hsb' on input line 1369.
Package xcolor Info: Model `Gray' substituted by `gray' on input line 1370.
Package xcolor Info: Model `wave' substituted by `hsb' on input line 1371.
)
(Q:\MikteX\tex\latex\float\float.sty
Package: float 2001/11/08 v1.3d Float enhancements (AL)
\c@float@type=\count118
\float@exts=\toks27
\float@box=\box31
\@float@everytoks=\toks28
\@floatcapt=\box32
)
(Q:\MikteX\tex\latex\hyperref\hyperref.sty
Package: hyperref 2018/02/06 v6.86b Hypertext links for LaTeX

(Q:\MikteX\tex\generic\oberdiek\hobsub-hyperref.sty
Package: hobsub-hyperref 2016/05/16 v1.14 Bundle oberdiek, subset hyperref (HO)


(Q:\MikteX\tex\generic\oberdiek\hobsub-generic.sty
Package: hobsub-generic 2016/05/16 v1.14 Bundle oberdiek, subset generic (HO)
Package: hobsub 2016/05/16 v1.14 Construct package bundles (HO)
Package: infwarerr 2016/05/16 v1.4 Providing info/warning/error messages (HO)
Package: ltxcmds 2016/05/16 v1.23 LaTeX kernel commands for general use (HO)
Package: ifluatex 2016/05/16 v1.4 Provides the ifluatex switch (HO)
Package ifluatex Info: LuaTeX not detected.
Package hobsub Info: Skipping package `ifvtex' (already loaded).
Package: intcalc 2016/05/16 v1.2 Expandable calculations with integers (HO)
Package hobsub Info: Skipping package `ifpdf' (already loaded).
Package: etexcmds 2016/05/16 v1.6 Avoid name clashes with e-TeX commands (HO)
Package etexcmds Info: Could not find \expanded.
(etexcmds)             That can mean that you are not using pdfTeX 1.50 or
(etexcmds)             that some package has redefined \expanded.
(etexcmds)             In the latter case, load this package earlier.
Package: kvsetkeys 2016/05/16 v1.17 Key value parser (HO)
Package: kvdefinekeys 2016/05/16 v1.4 Define keys (HO)
Package: pdftexcmds 2018/01/30 v0.27 Utility functions of pdfTeX for LuaTeX (HO
)
Package pdftexcmds Info: LuaTeX not detected.
Package pdftexcmds Info: \pdf@primitive is available.
Package pdftexcmds Info: \pdf@ifprimitive is available.
Package pdftexcmds Info: \pdfdraftmode found.
Package: pdfescape 2016/05/16 v1.14 Implements pdfTeX's escape features (HO)
Package: bigintcalc 2016/05/16 v1.4 Expandable calculations on big integers (HO
)
Package: bitset 2016/05/16 v1.2 Handle bit-vector datatype (HO)
Package: uniquecounter 2016/05/16 v1.3 Provide unlimited unique counter (HO)
)
Package hobsub Info: Skipping package `hobsub' (already loaded).
Package: letltxmacro 2016/05/16 v1.5 Let assignment for LaTeX macros (HO)
Package: hopatch 2016/05/16 v1.3 Wrapper for package hooks (HO)
Package: xcolor-patch 2016/05/16 xcolor patch
Package: atveryend 2016/05/16 v1.9 Hooks at the very end of document (HO)
Package atveryend Info: \enddocument detected (standard20110627).
Package: atbegshi 2016/06/09 v1.18 At begin shipout hook (HO)
Package: refcount 2016/05/16 v3.5 Data extraction from label references (HO)
Package: hycolor 2016/05/16 v1.8 Color options for hyperref/bookmark (HO)
)
(Q:\MikteX\tex\latex\oberdiek\auxhook.sty
Package: auxhook 2016/05/16 v1.4 Hooks for auxiliary files (HO)
)
(Q:\MikteX\tex\latex\oberdiek\kvoptions.sty
Package: kvoptions 2016/05/16 v3.12 Key value format for package options (HO)
)
\@linkdim=\dimen136
\Hy@linkcounter=\count119
\Hy@pagecounter=\count120

(Q:\MikteX\tex\latex\hyperref\pd1enc.def
File: pd1enc.def 2018/02/06 v6.86b Hyperref: PDFDocEncoding definition (HO)
Now handling font encoding PD1 ...
... no UTF-8 mapping file for font encoding PD1
)
\Hy@SavedSpaceFactor=\count121

(Q:\MikteX\tex\latex\00miktex\hyperref.cfg
File: hyperref.cfg 2002/06/06 v1.2 hyperref configuration of TeXLive
)
Package hyperref Info: Hyper figures OFF on input line 4509.
Package hyperref Info: Link nesting OFF on input line 4514.
Package hyperref Info: Hyper index ON on input line 4517.
Package hyperref Info: Plain pages OFF on input line 4524.
Package hyperref Info: Backreferencing OFF on input line 4529.
Package hyperref Info: Implicit mode ON; LaTeX internals redefined.
Package hyperref Info: Bookmarks ON on input line 4762.
\c@Hy@tempcnt=\count122
 (Q:\MikteX\tex\latex\url\url.sty
\Urlmuskip=\muskip11
Package: url 2013/09/16  ver 3.4  Verb mode for urls, etc.
)
LaTeX Info: Redefining \url on input line 5115.
\XeTeXLinkMargin=\dimen137
\Fld@menulength=\count123
\Field@Width=\dimen138
\Fld@charsize=\dimen139
Package hyperref Info: Hyper figures OFF on input line 6369.
Package hyperref Info: Link nesting OFF on input line 6374.
Package hyperref Info: Hyper index ON on input line 6377.
Package hyperref Info: backreferencing OFF on input line 6384.
Package hyperref Info: Link coloring OFF on input line 6389.
Package hyperref Info: Link coloring with OCG OFF on input line 6394.
Package hyperref Info: PDF/A mode OFF on input line 6399.
LaTeX Info: Redefining \ref on input line 6439.
LaTeX Info: Redefining \pageref on input line 6443.
\Hy@abspage=\count124
\c@Item=\count125
\c@Hfootnote=\count126
)
Package hyperref Info: Driver (autodetected): hpdftex.

(Q:\MikteX\tex\latex\hyperref\hpdftex.def
File: hpdftex.def 2018/02/06 v6.86b Hyperref driver for pdfTeX
\Fld@listcount=\count127
\c@bookmark@seq@number=\count128

(Q:\MikteX\tex\latex\oberdiek\rerunfilecheck.sty
Package: rerunfilecheck 2016/05/16 v1.8 Rerun checks for auxiliary files (HO)
Package uniquecounter Info: New unique counter `rerunfilecheck' on input line 2
82.
)
\Hy@SectionHShift=\skip51
)
(Q:\MikteX\tex\latex\mdwtools\footnote.sty
Package: footnote 1997/01/28 1.13 Save footnotes around boxes
\fn@notes=\box33
\fn@width=\dimen140
)
(Q:\MikteX\tex\latex\bigfoot\perpage.sty
Package: perpage 2014/10/25 2.0 Reset/sort counters per page
\c@abspage=\count129
)
\c@pp@a@footnote=\count130

(Q:\MikteX\tex\latex\oberdiek\epstopdf.sty
Package: epstopdf 2016/05/15 v2.6 Conversion with epstopdf on the fly (HO)

(Q:\MikteX\tex\latex\oberdiek\epstopdf-base.sty
Package: epstopdf-base 2016/05/15 v2.6 Base part for package epstopdf

(Q:\MikteX\tex\latex\oberdiek\grfext.sty
Package: grfext 2016/05/16 v1.2 Manage graphics extensions (HO)
)
Package epstopdf-base Info: Redefining graphics rule for `.eps' on input line 4
38.
Package grfext Info: Graphics extension search list:
(grfext)             [.pdf,.png,.jpg,.mps,.jpeg,.jbig2,.jb2,.PDF,.PNG,.JPG,.JPE
G,.JBIG2,.JB2,.eps]
(grfext)             \AppendGraphicsExtensions on input line 456.
))
(Q:\MikteX\tex\latex\pgfplots\pgfplots.sty
(Q:\MikteX\tex\generic\pgfplots\pgfplots.revision.tex)
Package: pgfplots 2018/03/28 v1.16 Data Visualization (1.16)

(Q:\MikteX\tex\latex\pgf\frontendlayer\tikz.sty
(Q:\MikteX\tex\latex\pgf\basiclayer\pgf.sty
(Q:\MikteX\tex\latex\pgf\utilities\pgfrcs.sty
(Q:\MikteX\tex\generic\pgf\utilities\pgfutil-common.tex
\pgfutil@everybye=\toks29
\pgfutil@tempdima=\dimen141
\pgfutil@tempdimb=\dimen142

(Q:\MikteX\tex\generic\pgf\utilities\pgfutil-common-lists.tex))
(Q:\MikteX\tex\generic\pgf\utilities\pgfutil-latex.def
\pgfutil@abb=\box34

(Q:\MikteX\tex\latex\ms\everyshi.sty
Package: everyshi 2001/05/15 v3.00 EveryShipout Package (MS)
))
(Q:\MikteX\tex\generic\pgf\utilities\pgfrcs.code.tex
Package: pgfrcs 2015/08/07 v3.0.1a (rcs-revision 1.31)
))
Package: pgf 2015/08/07 v3.0.1a (rcs-revision 1.15)

(Q:\MikteX\tex\latex\pgf\basiclayer\pgfcore.sty
(Q:\MikteX\tex\latex\pgf\systemlayer\pgfsys.sty
(Q:\MikteX\tex\generic\pgf\systemlayer\pgfsys.code.tex
Package: pgfsys 2014/07/09 v3.0.1a (rcs-revision 1.48)

(Q:\MikteX\tex\generic\pgf\utilities\pgfkeys.code.tex
\pgfkeys@pathtoks=\toks30
\pgfkeys@temptoks=\toks31

(Q:\MikteX\tex\generic\pgf\utilities\pgfkeysfiltered.code.tex
\pgfkeys@tmptoks=\toks32
))
\pgf@x=\dimen143
\pgf@y=\dimen144
\pgf@xa=\dimen145
\pgf@ya=\dimen146
\pgf@xb=\dimen147
\pgf@yb=\dimen148
\pgf@xc=\dimen149
\pgf@yc=\dimen150
\w@pgf@writea=\write3
\r@pgf@reada=\read1
\c@pgf@counta=\count131
\c@pgf@countb=\count132
\c@pgf@countc=\count133
\c@pgf@countd=\count134
\t@pgf@toka=\toks33
\t@pgf@tokb=\toks34
\t@pgf@tokc=\toks35

(Q:\MikteX\tex\generic\pgf\systemlayer\pgf.cfg
File: pgf.cfg 2008/05/14  (rcs-revision 1.7)
)
Driver file for pgf: pgfsys-pdftex.def

(Q:\MikteX\tex\generic\pgf\systemlayer\pgfsys-pdftex.def
File: pgfsys-pdftex.def 2014/10/11  (rcs-revision 1.35)

(Q:\MikteX\tex\generic\pgf\systemlayer\pgfsys-common-pdf.def
File: pgfsys-common-pdf.def 2013/10/10  (rcs-revision 1.13)
)))
(Q:\MikteX\tex\generic\pgf\systemlayer\pgfsyssoftpath.code.tex
File: pgfsyssoftpath.code.tex 2013/09/09  (rcs-revision 1.9)
\pgfsyssoftpath@smallbuffer@items=\count135
\pgfsyssoftpath@bigbuffer@items=\count136
)
(Q:\MikteX\tex\generic\pgf\systemlayer\pgfsysprotocol.code.tex
File: pgfsysprotocol.code.tex 2006/10/16  (rcs-revision 1.4)
))
(Q:\MikteX\tex\generic\pgf\basiclayer\pgfcore.code.tex
Package: pgfcore 2010/04/11 v3.0.1a (rcs-revision 1.7)

(Q:\MikteX\tex\generic\pgf\math\pgfmath.code.tex
(Q:\MikteX\tex\generic\pgf\math\pgfmathcalc.code.tex
(Q:\MikteX\tex\generic\pgf\math\pgfmathutil.code.tex)
(Q:\MikteX\tex\generic\pgf\math\pgfmathparser.code.tex
\pgfmath@dimen=\dimen151
\pgfmath@count=\count137
\pgfmath@box=\box35
\pgfmath@toks=\toks36
\pgfmath@stack@operand=\toks37
\pgfmath@stack@operation=\toks38
)
(Q:\MikteX\tex\generic\pgf\math\pgfmathfunctions.code.tex
(Q:\MikteX\tex\generic\pgf\math\pgfmathfunctions.basic.code.tex)
(Q:\MikteX\tex\generic\pgf\math\pgfmathfunctions.trigonometric.code.tex)
(Q:\MikteX\tex\generic\pgf\math\pgfmathfunctions.random.code.tex)
(Q:\MikteX\tex\generic\pgf\math\pgfmathfunctions.comparison.code.tex)
(Q:\MikteX\tex\generic\pgf\math\pgfmathfunctions.base.code.tex)
(Q:\MikteX\tex\generic\pgf\math\pgfmathfunctions.round.code.tex)
(Q:\MikteX\tex\generic\pgf\math\pgfmathfunctions.misc.code.tex)
(Q:\MikteX\tex\generic\pgf\math\pgfmathfunctions.integerarithmetics.code.tex)))
(Q:\MikteX\tex\generic\pgf\math\pgfmathfloat.code.tex
\c@pgfmathroundto@lastzeros=\count138
))
(Q:\MikteX\tex\generic\pgf\basiclayer\pgfcorepoints.code.tex
File: pgfcorepoints.code.tex 2013/10/07  (rcs-revision 1.27)
\pgf@picminx=\dimen152
\pgf@picmaxx=\dimen153
\pgf@picminy=\dimen154
\pgf@picmaxy=\dimen155
\pgf@pathminx=\dimen156
\pgf@pathmaxx=\dimen157
\pgf@pathminy=\dimen158
\pgf@pathmaxy=\dimen159
\pgf@xx=\dimen160
\pgf@xy=\dimen161
\pgf@yx=\dimen162
\pgf@yy=\dimen163
\pgf@zx=\dimen164
\pgf@zy=\dimen165
)
(Q:\MikteX\tex\generic\pgf\basiclayer\pgfcorepathconstruct.code.tex
File: pgfcorepathconstruct.code.tex 2013/10/07  (rcs-revision 1.29)
\pgf@path@lastx=\dimen166
\pgf@path@lasty=\dimen167
)
(Q:\MikteX\tex\generic\pgf\basiclayer\pgfcorepathusage.code.tex
File: pgfcorepathusage.code.tex 2014/11/02  (rcs-revision 1.24)
\pgf@shorten@end@additional=\dimen168
\pgf@shorten@start@additional=\dimen169
)
(Q:\MikteX\tex\generic\pgf\basiclayer\pgfcorescopes.code.tex
File: pgfcorescopes.code.tex 2015/05/08  (rcs-revision 1.46)
\pgfpic=\box36
\pgf@hbox=\box37
\pgf@layerbox@main=\box38
\pgf@picture@serial@count=\count139
)
(Q:\MikteX\tex\generic\pgf\basiclayer\pgfcoregraphicstate.code.tex
File: pgfcoregraphicstate.code.tex 2014/11/02  (rcs-revision 1.12)
\pgflinewidth=\dimen170
)
(Q:\MikteX\tex\generic\pgf\basiclayer\pgfcoretransformations.code.tex
File: pgfcoretransformations.code.tex 2015/08/07  (rcs-revision 1.20)
\pgf@pt@x=\dimen171
\pgf@pt@y=\dimen172
\pgf@pt@temp=\dimen173
)
(Q:\MikteX\tex\generic\pgf\basiclayer\pgfcorequick.code.tex
File: pgfcorequick.code.tex 2008/10/09  (rcs-revision 1.3)
)
(Q:\MikteX\tex\generic\pgf\basiclayer\pgfcoreobjects.code.tex
File: pgfcoreobjects.code.tex 2006/10/11  (rcs-revision 1.2)
)
(Q:\MikteX\tex\generic\pgf\basiclayer\pgfcorepathprocessing.code.tex
File: pgfcorepathprocessing.code.tex 2013/09/09  (rcs-revision 1.9)
)
(Q:\MikteX\tex\generic\pgf\basiclayer\pgfcorearrows.code.tex
File: pgfcorearrows.code.tex 2015/05/14  (rcs-revision 1.43)
\pgfarrowsep=\dimen174
)
(Q:\MikteX\tex\generic\pgf\basiclayer\pgfcoreshade.code.tex
File: pgfcoreshade.code.tex 2013/07/15  (rcs-revision 1.15)
\pgf@max=\dimen175
\pgf@sys@shading@range@num=\count140
)
(Q:\MikteX\tex\generic\pgf\basiclayer\pgfcoreimage.code.tex
File: pgfcoreimage.code.tex 2013/07/15  (rcs-revision 1.18)

(Q:\MikteX\tex\generic\pgf\basiclayer\pgfcoreexternal.code.tex
File: pgfcoreexternal.code.tex 2014/07/09  (rcs-revision 1.21)
\pgfexternal@startupbox=\box39
))
(Q:\MikteX\tex\generic\pgf\basiclayer\pgfcorelayers.code.tex
File: pgfcorelayers.code.tex 2013/07/18  (rcs-revision 1.7)
)
(Q:\MikteX\tex\generic\pgf\basiclayer\pgfcoretransparency.code.tex
File: pgfcoretransparency.code.tex 2013/09/30  (rcs-revision 1.5)
)
(Q:\MikteX\tex\generic\pgf\basiclayer\pgfcorepatterns.code.tex
File: pgfcorepatterns.code.tex 2013/11/07  (rcs-revision 1.5)
)))
(Q:\MikteX\tex\generic\pgf\modules\pgfmoduleshapes.code.tex
File: pgfmoduleshapes.code.tex 2014/03/21  (rcs-revision 1.35)
\pgfnodeparttextbox=\box40
)
(Q:\MikteX\tex\generic\pgf\modules\pgfmoduleplot.code.tex
File: pgfmoduleplot.code.tex 2015/08/03  (rcs-revision 1.13)
)
(Q:\MikteX\tex\latex\pgf\compatibility\pgfcomp-version-0-65.sty
Package: pgfcomp-version-0-65 2007/07/03 v3.0.1a (rcs-revision 1.7)
\pgf@nodesepstart=\dimen176
\pgf@nodesepend=\dimen177
)
(Q:\MikteX\tex\latex\pgf\compatibility\pgfcomp-version-1-18.sty
Package: pgfcomp-version-1-18 2007/07/23 v3.0.1a (rcs-revision 1.1)
))
(Q:\MikteX\tex\latex\pgf\utilities\pgffor.sty
(Q:\MikteX\tex\latex\pgf\utilities\pgfkeys.sty
(Q:\MikteX\tex\generic\pgf\utilities\pgfkeys.code.tex))
(Q:\MikteX\tex\latex\pgf\math\pgfmath.sty
(Q:\MikteX\tex\generic\pgf\math\pgfmath.code.tex))
(Q:\MikteX\tex\generic\pgf\utilities\pgffor.code.tex
Package: pgffor 2013/12/13 v3.0.1a (rcs-revision 1.25)

(Q:\MikteX\tex\generic\pgf\math\pgfmath.code.tex)
\pgffor@iter=\dimen178
\pgffor@skip=\dimen179
\pgffor@stack=\toks39
\pgffor@toks=\toks40
))
(Q:\MikteX\tex\generic\pgf\frontendlayer\tikz\tikz.code.tex
Package: tikz 2015/08/07 v3.0.1a (rcs-revision 1.151)

(Q:\MikteX\tex\generic\pgf\libraries\pgflibraryplothandlers.code.tex
File: pgflibraryplothandlers.code.tex 2013/08/31 v3.0.1a (rcs-revision 1.20)
\pgf@plot@mark@count=\count141
\pgfplotmarksize=\dimen180
)
\tikz@lastx=\dimen181
\tikz@lasty=\dimen182
\tikz@lastxsaved=\dimen183
\tikz@lastysaved=\dimen184
\tikzleveldistance=\dimen185
\tikzsiblingdistance=\dimen186
\tikz@figbox=\box41
\tikz@figbox@bg=\box42
\tikz@tempbox=\box43
\tikz@tempbox@bg=\box44
\tikztreelevel=\count142
\tikznumberofchildren=\count143
\tikznumberofcurrentchild=\count144
\tikz@fig@count=\count145

(Q:\MikteX\tex\generic\pgf\modules\pgfmodulematrix.code.tex
File: pgfmodulematrix.code.tex 2013/09/17  (rcs-revision 1.8)
\pgfmatrixcurrentrow=\count146
\pgfmatrixcurrentcolumn=\count147
\pgf@matrix@numberofcolumns=\count148
)
\tikz@expandcount=\count149

(Q:\MikteX\tex\generic\pgf\frontendlayer\tikz\libraries\tikzlibrarytopaths.code
.tex
File: tikzlibrarytopaths.code.tex 2008/06/17 v3.0.1a (rcs-revision 1.2)
))) (Q:\MikteX\tex\generic\pgfplots\pgfplots.code.tex
(Q:\MikteX\tex\generic\pgfplots\pgfplotscore.code.tex
\t@pgfplots@toka=\toks41
\t@pgfplots@tokb=\toks42
\t@pgfplots@tokc=\toks43
\pgfplots@tmpa=\dimen187
\c@pgfplots@coordindex=\count150
\c@pgfplots@scanlineindex=\count151

(Q:\MikteX\tex\generic\pgfplots\sys\pgfplotssysgeneric.code.tex))
(Q:\MikteX\tex\generic\pgfplots\libs\pgfplotslibrary.code.tex)
(Q:\MikteX\tex\generic\pgfplots\oldpgfcompatib\pgfplotsoldpgfsupp_loader.code.t
ex (Q:\MikteX\tex\generic\pgf\libraries\pgflibraryfpu.code.tex)
Package pgfplots: loading complementary arithmetics for your pgf version...

(Q:\MikteX\tex\generic\pgfplots\oldpgfcompatib\pgfplotsoldpgfsupp_pgflibraryfpu
.code.tex)
(Q:\MikteX\tex\generic\pgfplots\oldpgfcompatib\pgfplotsoldpgfsupp_pgfmathfloat.
code.tex
\c@pgfmathroundto@lastzeros=\count152
)
(Q:\MikteX\tex\generic\pgfplots\oldpgfcompatib\pgfplotsoldpgfsupp_leq.code.tex)
) (Q:\MikteX\tex\generic\pgfplots\util\pgfplotsutil.code.tex
(Q:\MikteX\tex\generic\pgfplots\liststructure\pgfplotsliststructure.code.tex)
(Q:\MikteX\tex\generic\pgfplots\liststructure\pgfplotsliststructureext.code.tex
) (Q:\MikteX\tex\generic\pgfplots\liststructure\pgfplotsarray.code.tex
\c@pgfplotsarray@tmp=\count153
)
(Q:\MikteX\tex\generic\pgfplots\liststructure\pgfplotsmatrix.code.tex)
(Q:\MikteX\tex\generic\pgfplots\numtable\pgfplotstableshared.code.tex
\c@pgfplotstable@counta=\count154
\t@pgfplotstable@a=\toks44
)
(Q:\MikteX\tex\generic\pgfplots\liststructure\pgfplotsdeque.code.tex)
(Q:\MikteX\tex\generic\pgfplots\util\pgfplotsbinary.code.tex
(Q:\MikteX\tex\generic\pgfplots\util\pgfplotsbinary.data.code.tex))
(Q:\MikteX\tex\generic\pgfplots\util\pgfplotsutil.verb.code.tex)
(Q:\MikteX\tex\generic\pgfplots\libs\pgflibrarypgfplots.surfshading.code.tex
\c@pgfplotslibrarysurf@no=\count155

(Q:\MikteX\tex\generic\pgfplots\sys\pgflibrarypgfplots.surfshading.pgfsys-pdfte
x.def))) (Q:\MikteX\tex\generic\pgfplots\util\pgfplotscolormap.code.tex
(Q:\MikteX\tex\generic\pgfplots\util\pgfplotscolor.code.tex))
(Q:\MikteX\tex\generic\pgfplots\pgfplotsstackedplots.code.tex)
(Q:\MikteX\tex\generic\pgfplots\pgfplotsplothandlers.code.tex
(Q:\MikteX\tex\generic\pgfplots\pgfplotsmeshplothandler.code.tex
(Q:\MikteX\tex\generic\pgfplots\pgfplotsmeshplotimage.code.tex)))
(Q:\MikteX\tex\generic\pgfplots\pgfplots.scaling.code.tex)
(Q:\MikteX\tex\generic\pgfplots\pgfplotscoordprocessing.code.tex)
(Q:\MikteX\tex\generic\pgfplots\pgfplots.errorbars.code.tex)
(Q:\MikteX\tex\generic\pgfplots\pgfplots.markers.code.tex)
(Q:\MikteX\tex\generic\pgfplots\pgfplotsticks.code.tex)
(Q:\MikteX\tex\generic\pgfplots\pgfplots.paths.code.tex)
(Q:\MikteX\tex\generic\pgf\frontendlayer\tikz\libraries\tikzlibrarydecorations.
code.tex (Q:\MikteX\tex\generic\pgf\modules\pgfmoduledecorations.code.tex
\pgfdecoratedcompleteddistance=\dimen188
\pgfdecoratedremainingdistance=\dimen189
\pgfdecoratedinputsegmentcompleteddistance=\dimen190
\pgfdecoratedinputsegmentremainingdistance=\dimen191
\pgf@decorate@distancetomove=\dimen192
\pgf@decorate@repeatstate=\count156
\pgfdecorationsegmentamplitude=\dimen193
\pgfdecorationsegmentlength=\dimen194
)
\tikz@lib@dec@box=\box45
)
(Q:\MikteX\tex\generic\pgf\frontendlayer\tikz\libraries\tikzlibrarydecorations.
pathmorphing.code.tex
(Q:\MikteX\tex\generic\pgf\libraries\decorations\pgflibrarydecorations.pathmorp
hing.code.tex))
(Q:\MikteX\tex\generic\pgf\frontendlayer\tikz\libraries\tikzlibrarydecorations.
pathreplacing.code.tex
(Q:\MikteX\tex\generic\pgf\libraries\decorations\pgflibrarydecorations.pathrepl
acing.code.tex))
\pgfplots@numplots=\count157
\pgfplots@xmin@reg=\dimen195
\pgfplots@xmax@reg=\dimen196
\pgfplots@ymin@reg=\dimen197
\pgfplots@ymax@reg=\dimen198
\pgfplots@zmin@reg=\dimen199
\pgfplots@zmax@reg=\dimen256
)
(Q:\MikteX\tex\generic\pgf\frontendlayer\tikz\libraries\tikzlibraryplotmarks.co
de.tex
File: tikzlibraryplotmarks.code.tex 2008/01/09 v3.0.1a (rcs-revision 1.1)
 (Q:\MikteX\tex\generic\pgf\libraries\pgflibraryplotmarks.code.tex
File: pgflibraryplotmarks.code.tex 2015/08/03 v3.0.1a (rcs-revision 1.14)
)))
(Q:\MikteX\tex\latex\pgf\frontendlayer\libraries\tikzlibraryexternal.code.tex
(Q:\MikteX\tex\generic\pgf\frontendlayer\tikz\libraries\tikzexternalshared.code
.tex))
\openout3 = `Fabrication.auxlock'.

 (Q:\MikteX\tex\latex\caption\subcaption.sty
Package: subcaption 2018/05/01 v1.1-162 Sub-captions (AR)

(Q:\MikteX\tex\latex\caption\caption.sty
Package: caption 2018/05/01 v3.3-147 Customizing captions (AR)

(Q:\MikteX\tex\latex\caption\caption3.sty
Package: caption3 2018/05/27 v1.8a caption3 kernel (AR)
Package caption3 Info: TeX engine: e-TeX on input line 64.
\captionmargin=\dimen257
\captionmargin@=\dimen258
\captionwidth=\dimen259
\caption@tempdima=\dimen260
\caption@indent=\dimen261
\caption@parindent=\dimen262
\caption@hangindent=\dimen263
)
\c@ContinuedFloat=\count158
Package caption Info: float package is loaded.
Package caption Info: hyperref package is loaded.
)
\c@subfigure=\count159
\c@subtable=\count160
) (Fabrication.aux)
\openout1 = `Fabrication.aux'.

LaTeX Font Info:    Checking defaults for OML/cmm/m/it on input line 58.
LaTeX Font Info:    ... okay on input line 58.
LaTeX Font Info:    Checking defaults for T1/cmr/m/n on input line 58.
LaTeX Font Info:    ... okay on input line 58.
LaTeX Font Info:    Checking defaults for OT1/cmr/m/n on input line 58.
LaTeX Font Info:    ... okay on input line 58.
LaTeX Font Info:    Checking defaults for OMS/cmsy/m/n on input line 58.
LaTeX Font Info:    ... okay on input line 58.
LaTeX Font Info:    Checking defaults for OMX/cmex/m/n on input line 58.
LaTeX Font Info:    ... okay on input line 58.
LaTeX Font Info:    Checking defaults for U/cmr/m/n on input line 58.
LaTeX Font Info:    ... okay on input line 58.
LaTeX Font Info:    Checking defaults for LGR/cmr/m/n on input line 58.
LaTeX Font Info:    Try loading font information for LGR+cmr on input line 58.

(Q:\MikteX\tex\latex\cbfonts-fd\lgrcmr.fd
File: lgrcmr.fd 2017/07/29 v1.2 Greek European Computer Regular
)
LaTeX Font Info:    ... okay on input line 58.
LaTeX Font Info:    Checking defaults for PD1/pdf/m/n on input line 58.
LaTeX Font Info:    ... okay on input line 58.
LaTeX Info: Redefining \degres on input line 58.
LaTeX Info: Redefining \dots on input line 58.
Package french.ldf Info: Setting StandardItemizeEnv=true for
(french.ldf)             compatibility with enumitem package,
(french.ldf)             reported on input line 58.
Package french.ldf Info: Setting StandardEnumerateEnv=true for
(french.ldf)             compatibility with enumitem package,
(french.ldf)             reported on input line 58.
LaTeX Info: Redefining \up on input line 58.

(Q:\MikteX\tex\context\base\supp-pdf.mkii
[Loading MPS to PDF converter (version 2006.09.02).]
\scratchcounter=\count161
\scratchdimen=\dimen264
\scratchbox=\box46
\nofMPsegments=\count162
\nofMParguments=\count163
\everyMPshowfont=\toks45
\MPscratchCnt=\count164
\MPscratchDim=\dimen265
\MPnumerator=\count165
\makeMPintoPDFobject=\count166
\everyMPtoPDFconversion=\toks46
)
Package chapterbib Info: The sectionbib option changes "\chapter *" to "\sectio
n *" in \thebibliography on input line 58.

*geometry* driver: auto-detecting
*geometry* detected driver: pdftex
*geometry* verbose mode - [ preamble ] result:
* driver: pdftex
* paper: <default>
* layout: <same size as paper>
* layoutoffset:(h,v)=(0.0pt,0.0pt)
* modes: 
* h-part:(L,W,R)=(56.9055pt, 472.03123pt, 85.35826pt)
* v-part:(T,H,B)=(56.9055pt, 652.70622pt, 85.35826pt)
* \paperwidth=614.295pt
* \paperheight=794.96999pt
* \textwidth=472.03123pt
* \textheight=652.70622pt
* \oddsidemargin=-15.36449pt
* \evensidemargin=-15.36449pt
* \topmargin=-52.36449pt
* \headheight=12.0pt
* \headsep=25.0pt
* \topskip=11.0pt
* \footskip=30.0pt
* \marginparwidth=59.0pt
* \marginparsep=10.0pt
* \columnsep=10.0pt
* \skip\footins=10.0pt plus 4.0pt minus 2.0pt
* \hoffset=0.0pt
* \voffset=0.0pt
* \mag=1000
* \@twocolumnfalse
* \@twosidefalse
* \@mparswitchfalse
* \@reversemarginfalse
* (1in=72.27pt=25.4mm, 1cm=28.453pt)

\AtBeginShipoutBox=\box47
Package hyperref Info: Link coloring OFF on input line 58.
(Q:\MikteX\tex\latex\hyperref\nameref.sty
Package: nameref 2016/05/21 v2.44 Cross-referencing by name of section

(Q:\MikteX\tex\generic\oberdiek\gettitlestring.sty
Package: gettitlestring 2016/05/16 v1.5 Cleanup title references (HO)
)
\c@section@level=\count167
)
LaTeX Info: Redefining \ref on input line 58.
LaTeX Info: Redefining \pageref on input line 58.
LaTeX Info: Redefining \nameref on input line 58.
 (Fabrication.out)
(Fabrication.out)
\@outlinefile=\write4
\openout4 = `Fabrication.out'.

 ABD: EveryShipout initializing macros
Package pgfplots notification 'compat/show suggested version=true': document ha
s been generated with the most recent feature set (\pgfplotsset{compat=1.16}).

Package caption Info: Begin \AtBeginDocument code.
Package caption Info: End \AtBeginDocument code.
(Fabrication.toc [1


{C:/Users/Saï/AppData/Local/MiKTeX/2.9/pdftex/config/pdftex.map}])
\tf@toc=\write5
\openout5 = `Fabrication.toc'.

 [2]
Chapitre II.

Underfull \hbox (badness 10000) in paragraph at lines 75--76

 []


Underfull \hbox (badness 10000) in paragraph at lines 77--78

 []

[3

]
<Images/empilement.jpg, id=194, 1276.77pt x 2122.93124pt>
File: Images/empilement.jpg Graphic file (type jpg)
<use Images/empilement.jpg>
Package pdftex.def Info: Images/empilement.jpg  used on input line 82.
(pdftex.def)             Requested size: 330.42041pt x 549.39005pt.
<Images/EI_ES.jpg, id=197, 382.42876pt x 163.3603pt>
File: Images/EI_ES.jpg Graphic file (type jpg)
<use Images/EI_ES.jpg>
Package pdftex.def Info: Images/EI_ES.jpg  used on input line 104.
(pdftex.def)             Requested size: 267.69829pt x 114.35143pt.
<Images/serigraphie.png, id=200, 191.21437pt x 271.76532pt>
File: Images/serigraphie.png Graphic file (type png)
<use Images/serigraphie.png>
Package pdftex.def Info: Images/serigraphie.png  used on input line 118.
(pdftex.def)             Requested size: 141.61081pt x 201.2732pt.
<images/mesh_vs_stencil.jpg, id=203, 1073.51062pt x 385.44pt>
File: images/mesh_vs_stencil.jpg Graphic file (type jpg)
<use images/mesh_vs_stencil.jpg>
Package pdftex.def Info: images/mesh_vs_stencil.jpg  used on input line 149.
(pdftex.def)             Requested size: 377.62642pt x 135.58237pt.
 [4] [5 <./Images/empilement.jpg>] [6 <./Images/EI_ES.jpg> <./Images/serigraphi
e.png> <./images/mesh_vs_stencil.jpg>]
Underfull \hbox (badness 10000) in paragraph at lines 172--173

 []


Underfull \hbox (badness 10000) in paragraph at lines 174--175

 []

<images/gap2.jpg, id=237, 1193.96063pt x 201.75375pt>
File: images/gap2.jpg Graphic file (type jpg)
<use images/gap2.jpg>
Package pdftex.def Info: images/gap2.jpg  used on input line 197.
(pdftex.def)             Requested size: 377.62642pt x 63.81136pt.
[7] [8 <./images/gap2.jpg>] [9] [10]
Underfull \hbox (badness 10000) in paragraph at lines 289--290

 []

[11] [12]
===== Image 'Images/Fabrication-figure0' is up-to-date. ======
[13 <./Images/Fabrication-figure0.pdf>]
Underfull \hbox (badness 10000) in paragraph at lines 397--399

 []

[14]
Underfull \hbox (badness 10000) in paragraph at lines 400--401

 []


Underfull \hbox (badness 10000) in paragraph at lines 414--415

 []

<Images/agpd_thin_note.jpg, id=371, 1050.92625pt x 679.03688pt>
File: Images/agpd_thin_note.jpg Graphic file (type jpg)
<use Images/agpd_thin_note.jpg>
Package pdftex.def Info: Images/agpd_thin_note.jpg  used on input line 422.
(pdftex.def)             Requested size: 283.22162pt x 183.00049pt.

Underfull \hbox (badness 10000) in paragraph at lines 440--441

 []

[15]
Underfull \hbox (badness 10000) in paragraph at lines 443--444

 []

===== Image 'Images/Fabrication-figure1' is up-to-date. ======

Overfull \hbox (5.38939pt too wide) in paragraph at lines 448--457
 [][] 
 []

===== Image 'Images/Fabrication-figure2' is up-to-date. ======

Overfull \hbox (5.38939pt too wide) in paragraph at lines 463--472
 [][] 
 []

===== Image 'Images/Fabrication-figure3' is up-to-date. ======

Overfull \hbox (5.38939pt too wide) in paragraph at lines 478--487
 [][] 
 []

[16 <./Images/agpd_thin_note.jpg>]
<Images/jonction.jpg, id=393, 1112.65688pt x 762.59906pt>
File: Images/jonction.jpg Graphic file (type jpg)
<use Images/jonction.jpg>
Package pdftex.def Info: Images/jonction.jpg  used on input line 499.
(pdftex.def)             Requested size: 472.03123pt x 323.5243pt.

Underfull \hbox (badness 10000) in paragraph at lines 508--509

 []


Underfull \hbox (badness 10000) in paragraph at lines 529--530

 []

[17 <./Images/Fabrication-figure1.pdf> <./Images/Fabrication-figure2.pdf> <./Im
ages/Fabrication-figure3.pdf>] [18 <./Images/jonction.jpg>]
<Images/PbO_evap.jpg, id=418, 1035.11719pt x 289.83281pt>
File: Images/PbO_evap.jpg Graphic file (type jpg)
<use Images/PbO_evap.jpg>
Package pdftex.def Info: Images/PbO_evap.jpg  used on input line 533.
(pdftex.def)             Requested size: 377.62642pt x 105.73723pt.

===== Image 'Images/Fabrication-figure4' is up-to-date. ======
[19 <./Images/PbO_evap.jpg> <./Images/Fabrication-figure4.pdf>]
<Images/module_pola.jpg, id=467, 1226.984pt x 1037.476pt>
File: Images/module_pola.jpg Graphic file (type jpg)
<use Images/module_pola.jpg>
Package pdftex.def Info: Images/module_pola.jpg  used on input line 572.
(pdftex.def)             Requested size: 283.22162pt x 239.46931pt.
LaTeX Font Info:    Try loading font information for OMS+cmr on input line 573.


(Q:\MikteX\tex\latex\base\omscmr.fd
File: omscmr.fd 2014/09/29 v2.5h Standard LaTeX font definitions
)
LaTeX Font Info:    Font shape `OMS/cmr/m/n' in size <10.95> not available
(Font)              Font shape `OMS/cmsy/m/n' tried instead on input line 573.
<Images/ES_cracks.jpg, id=469, 555.57562pt x 813.0375pt>
File: Images/ES_cracks.jpg Graphic file (type jpg)
<use Images/ES_cracks.jpg>
Package pdftex.def Info: Images/ES_cracks.jpg  used on input line 582.
(pdftex.def)             Requested size: 356.82182pt x 522.16696pt.
 [20 <./Images/module_pola.jpg>]
===== Image 'Images/Fabrication-figure5' is up-to-date. ======
[21] [22 <./Images/ES_cracks.jpg>]
<Images/solvants.jpg, id=503, 558.58687pt x 335.75438pt>
File: Images/solvants.jpg Graphic file (type jpg)
<use Images/solvants.jpg>
Package pdftex.def Info: Images/solvants.jpg  used on input line 646.
(pdftex.def)             Requested size: 377.62642pt x 226.98817pt.
<Images/MEB_bad_EI_note.jpg, id=504, 724.20563pt x 570.63188pt>
File: Images/MEB_bad_EI_note.jpg Graphic file (type jpg)
<use Images/MEB_bad_EI_note.jpg>
Package pdftex.def Info: Images/MEB_bad_EI_note.jpg  used on input line 654.
(pdftex.def)             Requested size: 283.22162pt x 223.16374pt.
<Images/MEB_good_EI_note.jpg, id=505, 759.58781pt x 597.73312pt>
File: Images/MEB_good_EI_note.jpg Graphic file (type jpg)
<use Images/MEB_good_EI_note.jpg>
Package pdftex.def Info: Images/MEB_good_EI_note.jpg  used on input line 661.
(pdftex.def)             Requested size: 283.22162pt x 222.87247pt.

Underfull \hbox (badness 10000) in paragraph at lines 680--682

 []

[23 <./Images/Fabrication-figure5.pdf>] [24 <./Images/solvants.jpg> <./Images/M
EB_bad_EI_note.jpg>] [25 <./Images/MEB_good_EI_note.jpg>]
Underfull \hbox (badness 10000) in paragraph at lines 715--716

 []

===== Image 'Images/Fabrication-figure6' is up-to-date. ======
(Fabrication.bbl [26] [27 <./Images/Fabrication-figure6.pdf>]) [28

]
Package atveryend Info: Empty hook `BeforeClearDocument' on input line 772.
Package atveryend Info: Empty hook `AfterLastShipout' on input line 772.

(Fabrication.aux)
Package atveryend Info: Executing hook `AtVeryEndDocument' on input line 772.
Package atveryend Info: Executing hook `AtEndAfterFileList' on input line 772.
Package rerunfilecheck Info: File `Fabrication.out' has not changed.
(rerunfilecheck)             Checksum: 3CA1EAA588CBE93251FD8FC28E17D6D9;2489.
Package atveryend Info: Empty hook `AtVeryVeryEnd' on input line 772.
 ) 
Here is how much of TeX's memory you used:
 30711 strings out of 492973
 706341 string characters out of 3143884
 927134 words of memory out of 3000000
 33917 multiletter control sequences out of 15000+200000
 21638 words of font info for 51 fonts, out of 3000000 for 9000
 1141 hyphenation exceptions out of 8191
 73i,13n,127p,1275b,617s stack positions out of 5000i,500n,10000p,200000b,50000s
pdfTeX warning (dest): name{Hfootnote.2} has been referenced but does not exi
st, replaced by a fixed one

pdfTeX warning (dest): name{Hfootnote.1} has been referenced but does not exist
, replaced by a fixed one

 <C:\Users\Saï\AppData\Local\MiKTeX\2.9\fonts\pk\ljfour\jknappen\ec\dpi600\ecr
m1000.pk> <C:\Users\Saï\AppData\Local\MiKTeX\2.9\fonts\pk\ljfour\jknappen\ec\d
pi600\ecrm0900.pk> <C:\Users\Saï\AppData\Local\MiKTeX\2.9\fonts\pk\ljfour\jkna
ppen\ec\dpi600\ecrm0800.pk> <C:\Users\Saï\AppData\Local\MiKTeX\2.9\fonts\pk\lj
four\jknappen\ec\dpi600\ecbx1200.pk> <C:\Users\Saï\AppData\Local\MiKTeX\2.9\fo
nts\pk\ljfour\jknappen\ec\dpi600\ecti1095.pk> <C:\Users\Saï\AppData\Local\MiKT
eX\2.9\fonts\pk\ljfour\jknappen\ec\dpi600\eccc1095.pk> <C:\Users\Saï\AppData\L
ocal\MiKTeX\2.9\fonts\pk\ljfour\jknappen\ec\dpi600\ecbx1440.pk> <C:\Users\Saï\
AppData\Local\MiKTeX\2.9\fonts\pk\ljfour\jknappen\ec\dpi600\ecbx2074.pk> <C:\Us
ers\Saï\AppData\Local\MiKTeX\2.9\fonts\pk\ljfour\jknappen\ec\dpi600\ecrm1095.p
k> <C:\Users\Saï\AppData\Local\MiKTeX\2.9\fonts\pk\ljfour\jknappen\ec\dpi600\e
cbx1095.pk> <C:\Users\Saï\AppData\Local\MiKTeX\2.9\fonts\pk\ljfour\jknappen\ec
\dpi600\ecbx2488.pk><Q:/MikteX/fonts/type1/public/amsfonts/cm/cmmi10.pfb><Q:/Mi
kteX/fonts/type1/public/amsfonts/cm/cmmi12.pfb><Q:/MikteX/fonts/type1/public/am
sfonts/cm/cmmi6.pfb><Q:/MikteX/fonts/type1/public/amsfonts/cm/cmmi8.pfb><Q:/Mik
teX/fonts/type1/public/amsfonts/cm/cmr10.pfb><Q:/MikteX/fonts/type1/public/amsf
onts/cm/cmr12.pfb><Q:/MikteX/fonts/type1/public/amsfonts/cm/cmr6.pfb><Q:/MikteX
/fonts/type1/public/amsfonts/cm/cmr8.pfb><Q:/MikteX/fonts/type1/public/amsfonts
/cm/cmsy10.pfb><Q:/MikteX/fonts/type1/public/amsfonts/cm/cmsy8.pfb><Q:/MikteX/f
onts/type1/public/cbgreek/grmn1095.pfb>
Output written on Fabrication.pdf (28 pages, 4326510 bytes).
PDF statistics:
 1078 PDF objects out of 1200 (max. 8388607)
 125 named destinations out of 1000 (max. 500000)
 369 words of extra memory for PDF output out of 10000 (max. 10000000)

