\BOOKMARK [0][-]{chapter.2}{S\351rigraphie de micropoutres r\351sonantes}{}% 1
\BOOKMARK [1][-]{section.2.1}{Agencement des couches et g\351om\351trie}{chapter.2}% 2
\BOOKMARK [1][-]{section.2.2}{La s\351rigraphie}{chapter.2}% 3
\BOOKMARK [2][-]{subsection.2.2.1}{Principe g\351n\351ral}{section.2.2}% 4
\BOOKMARK [2][-]{subsection.2.2.2}{\311crans}{section.2.2}% 5
\BOOKMARK [2][-]{subsection.2.2.3}{S\351rigraphieuse \204 param\350tres critiques}{section.2.2}% 6
\BOOKMARK [2][-]{subsection.2.2.4}{Encres de s\351rigraphie}{section.2.2}% 7
\BOOKMARK [1][-]{section.2.3}{Couches sacrificielles}{chapter.2}% 8
\BOOKMARK [2][-]{subsection.2.3.1}{Carbonate de strontium \(SrCO3\)}{section.2.3}% 9
\BOOKMARK [2][-]{subsection.2.3.2}{Polyester \(ESL 244t\)}{section.2.3}% 10
\BOOKMARK [2][-]{subsection.2.3.3}{Exp\351rimentation : \340 base de ma\357s}{section.2.3}% 11
\BOOKMARK [1][-]{section.2.4}{Encre PZT}{chapter.2}% 12
\BOOKMARK [2][-]{subsection.2.4.1}{Composition}{section.2.4}% 13
\BOOKMARK [2][-]{subsection.2.4.2}{Optimisations}{section.2.4}% 14
\BOOKMARK [2][-]{subsection.2.4.3}{Impressions plot et partie lib\351r\351e}{section.2.4}% 15
\BOOKMARK [1][-]{section.2.5}{\311lectrodes}{chapter.2}% 16
\BOOKMARK [2][-]{subsection.2.5.1}{Encre \340 base d'or}{section.2.5}% 17
\BOOKMARK [2][-]{subsection.2.5.2}{Encre \340 base d'argent}{section.2.5}% 18
\BOOKMARK [1][-]{section.2.6}{Jonction plot-couche sacrificielle}{chapter.2}% 19
\BOOKMARK [2][-]{subsection.2.6.1}{\311paisseur plot/couche sacrificielle}{section.2.6}% 20
\BOOKMARK [2][-]{subsection.2.6.2}{Alignement plot/couche sacrificielle}{section.2.6}% 21
\BOOKMARK [2][-]{subsection.2.6.3}{Ordre et direction d'impression}{section.2.6}% 22
\BOOKMARK [1][-]{section.2.7}{Frittage et polarisation}{chapter.2}% 23
\BOOKMARK [2][-]{subsection.2.7.1}{Frittage}{section.2.7}% 24
\BOOKMARK [2][-]{subsection.2.7.2}{Polarisation}{section.2.7}% 25
\BOOKMARK [1][-]{section.2.8}{Interactions entre les couches}{chapter.2}% 26
\BOOKMARK [2][-]{subsection.2.8.1}{PZT broy\351 : fissures dans l'\351lectrode sup\351rieure}{section.2.8}% 27
\BOOKMARK [2][-]{subsection.2.8.2}{Solvants et couche sacrificielle}{section.2.8}% 28
\BOOKMARK [1][-]{section.2.9}{Densification}{chapter.2}% 29
\BOOKMARK [2][-]{subsection.2.9.1}{Porosit\351 et masse volumique}{section.2.9}% 30
\BOOKMARK [2][-]{subsection.2.9.2}{Retrait longitudinal}{section.2.9}% 31
\BOOKMARK [1][-]{section.2.10}{Conclusion}{chapter.2}% 32
